<?xml version="1.0" encoding="UTF-8"?>
<testng-results ignored="0" total="1" passed="1" failed="0" skipped="0">
  <reporter-output>
  </reporter-output>
  <suite started-at="2019-01-04T05:08:43Z" name="Default suite" finished-at="2019-01-04T05:09:16Z" duration-ms="33687">
    <groups>
    </groups>
    <test started-at="2019-01-04T05:08:43Z" name="Default test" finished-at="2019-01-04T05:09:16Z" duration-ms="33687">
      <class name="com.ibm.jenkins.com.ibm.jenkins.LaunchApplication">
        <test-method is-config="true" signature="beforeTest()[pri:0, instance:com.ibm.jenkins.com.ibm.jenkins.LaunchApplication@1e178745]" started-at="2019-01-04T10:38:43Z" name="beforeTest" finished-at="2019-01-04T10:39:13Z" duration-ms="30750" status="PASS">
          <reporter-output>
          </reporter-output>
        </test-method> <!-- beforeTest -->
        <test-method signature="f()[pri:0, instance:com.ibm.jenkins.com.ibm.jenkins.LaunchApplication@1e178745]" started-at="2019-01-04T10:39:13Z" name="f" finished-at="2019-01-04T10:39:13Z" duration-ms="5" status="PASS">
          <reporter-output>
          </reporter-output>
        </test-method> <!-- f -->
        <test-method is-config="true" signature="afterTest()[pri:0, instance:com.ibm.jenkins.com.ibm.jenkins.LaunchApplication@1e178745]" started-at="2019-01-04T10:39:13Z" name="afterTest" finished-at="2019-01-04T10:39:16Z" duration-ms="2905" status="PASS">
          <reporter-output>
          </reporter-output>
        </test-method> <!-- afterTest -->
      </class> <!-- com.ibm.jenkins.com.ibm.jenkins.LaunchApplication -->
    </test> <!-- Default test -->
  </suite> <!-- Default suite -->
</testng-results>
